# JRE version: OpenJDK Runtime Environment (8.0_242-b01) (build 1.8.0_242-release-1644-b01)
# Java VM: OpenJDK 64-Bit Server VM (25.242-b01 mixed mode windows-amd64 compressed oops)
Heap:
 PSYoungGen      total 120320K, used 52152K [0x00000000e0000000, 0x00000000eb080000, 0x0000000100000000)
  eden space 109056K, 47% used [0x00000000e0000000,0x00000000e32ee290,0x00000000e6a80000)
  from space 11264K, 0% used [0x00000000e6a80000,0x00000000e6a80000,0x00000000e7580000)
  to   space 13312K, 0% used [0x00000000ea380000,0x00000000ea380000,0x00000000eb080000)
 ParOldGen       total 90112K, used 19410K [0x00000000a0000000, 0x00000000a5800000, 0x00000000e0000000)
  object space 90112K, 21% used [0x00000000a0000000,0x00000000a12f4960,0x00000000a5800000)
 Metaspace       used 41341K, capacity 42280K, committed 42496K, reserved 1085440K
  class space    used 5607K, capacity 5888K, committed 5888K, reserved 1048576K
GC Heap History (10 events):
Event: 6.866 GC heap before
{Heap before GC invocations=7 (full 1):
 PSYoungGen      total 76288K, used 7712K [0x00000000e0000000, 0x00000000e5500000, 0x0000000100000000)
  eden space 65536K, 0% used [0x00000000e0000000,0x00000000e0000000,0x00000000e4000000)
  from space 10752K, 71% used [0x00000000e4a80000,0x00000000e52083b8,0x00000000e5500000)
  to   space 10752K, 0% used [0x00000000e4000000,0x00000000e4000000,0x00000000e4a80000)
 ParOldGen       total 86016K, used 8335K [0x00000000a0000000, 0x00000000a5400000, 0x00000000e0000000)
  object space 86016K, 9% used [0x00000000a0000000,0x00000000a0823db0,0x00000000a5400000)
 Metaspace       used 20620K, capacity 21070K, committed 21296K, reserved 1067008K
  class space    used 2946K, capacity 3117K, committed 3200K, reserved 1048576K
Event: 6.906 GC heap after
Heap after GC invocations=7 (full 1):
 PSYoungGen      total 76288K, used 0K [0x00000000e0000000, 0x00000000e5500000, 0x0000000100000000)
  eden space 65536K, 0% used [0x00000000e0000000,0x00000000e0000000,0x00000000e4000000)
  from space 10752K, 0% used [0x00000000e4a80000,0x00000000e4a80000,0x00000000e5500000)
  to   space 10752K, 0% used [0x00000000e4000000,0x00000000e4000000,0x00000000e4a80000)
 ParOldGen       total 57344K, used 8739K [0x00000000a0000000, 0x00000000a3800000, 0x00000000e0000000)
  object space 57344K, 15% used [0x00000000a0000000,0x00000000a0888c78,0x00000000a3800000)
 Metaspace       used 20620K, capacity 21070K, committed 21296K, reserved 1067008K
  class space    used 2946K, capacity 3117K, committed 3200K, reserved 1048576K
}
Event: 7.747 GC heap before
{Heap before GC invocations=8 (full 1):
 PSYoungGen      total 76288K, used 65536K [0x00000000e0000000, 0x00000000e5500000, 0x0000000100000000)
  eden space 65536K, 100% used [0x00000000e0000000,0x00000000e4000000,0x00000000e4000000)
  from space 10752K, 0% used [0x00000000e4a80000,0x00000000e4a80000,0x00000000e5500000)
  to   space 10752K, 0% used [0x00000000e4000000,0x00000000e4000000,0x00000000e4a80000)
 ParOldGen       total 57344K, used 8739K [0x00000000a0000000, 0x00000000a3800000, 0x00000000e0000000)
  object space 57344K, 15% used [0x00000000a0000000,0x00000000a0888c78,0x00000000a3800000)
 Metaspace       used 28847K, capacity 29322K, committed 29696K, reserved 1075200K
  class space    used 3892K, capacity 4090K, committed 4096K, reserved 1048576K
Event: 7.755 GC heap after
Heap after GC invocations=8 (full 1):
 PSYoungGen      total 76288K, used 7996K [0x00000000e0000000, 0x00000000e8000000, 0x0000000100000000)
  eden space 65536K, 0% used [0x00000000e0000000,0x00000000e0000000,0x00000000e4000000)
  from space 10752K, 74% used [0x00000000e4000000,0x00000000e47cf2b0,0x00000000e4a80000)
  to   space 10752K, 0% used [0x00000000e7580000,0x00000000e7580000,0x00000000e8000000)
 ParOldGen       total 57344K, used 8747K [0x00000000a0000000, 0x00000000a3800000, 0x00000000e0000000)
  object space 57344K, 15% used [0x00000000a0000000,0x00000000a088ac78,0x00000000a3800000)
 Metaspace       used 28847K, capacity 29322K, committed 29696K, reserved 1075200K
  class space    used 3892K, capacity 4090K, committed 4096K, reserved 1048576K
}
Event: 8.477 GC heap before
{Heap before GC invocations=9 (full 1):
 PSYoungGen      total 76288K, used 73532K [0x00000000e0000000, 0x00000000e8000000, 0x0000000100000000)
  eden space 65536K, 100% used [0x00000000e0000000,0x00000000e4000000,0x00000000e4000000)
  from space 10752K, 74% used [0x00000000e4000000,0x00000000e47cf2b0,0x00000000e4a80000)
  to   space 10752K, 0% used [0x00000000e7580000,0x00000000e7580000,0x00000000e8000000)
 ParOldGen       total 57344K, used 8747K [0x00000000a0000000, 0x00000000a3800000, 0x00000000e0000000)
  object space 57344K, 15% used [0x00000000a0000000,0x00000000a088ac78,0x00000000a3800000)
 Metaspace       used 31989K, capacity 32590K, committed 33024K, reserved 1077248K
  class space    used 4404K, capacity 4582K, committed 4608K, reserved 1048576K
Event: 8.488 GC heap after
Heap after GC invocations=9 (full 1):
 PSYoungGen      total 119808K, used 8865K [0x00000000e0000000, 0x00000000e8200000, 0x0000000100000000)
  eden space 109056K, 0% used [0x00000000e0000000,0x00000000e0000000,0x00000000e6a80000)
  from space 10752K, 82% used [0x00000000e7580000,0x00000000e7e28708,0x00000000e8000000)
  to   space 11264K, 0% used [0x00000000e6a80000,0x00000000e6a80000,0x00000000e7580000)
 ParOldGen       total 57344K, used 8755K [0x00000000a0000000, 0x00000000a3800000, 0x00000000e0000000)
  object space 57344K, 15% used [0x00000000a0000000,0x00000000a088cc78,0x00000000a3800000)
 Metaspace       used 31989K, capacity 32590K, committed 33024K, reserved 1077248K
  class space    used 4404K, capacity 4582K, committed 4608K, reserved 1048576K
}
Event: 9.447 GC heap before
{Heap before GC invocations=10 (full 1):
 PSYoungGen      total 119808K, used 71075K [0x00000000e0000000, 0x00000000e8200000, 0x0000000100000000)
  eden space 109056K, 57% used [0x00000000e0000000,0x00000000e3cc0810,0x00000000e6a80000)
  from space 10752K, 82% used [0x00000000e7580000,0x00000000e7e28708,0x00000000e8000000)
  to   space 11264K, 0% used [0x00000000e6a80000,0x00000000e6a80000,0x00000000e7580000)
 ParOldGen       total 57344K, used 8755K [0x00000000a0000000, 0x00000000a3800000, 0x00000000e0000000)
  object space 57344K, 15% used [0x00000000a0000000,0x00000000a088cc78,0x00000000a3800000)
 Metaspace       used 34634K, capacity 35360K, committed 35456K, reserved 1079296K
  class space    used 4766K, capacity 4987K, committed 4992K, reserved 1048576K
Event: 9.460 GC heap after
Heap after GC invocations=10 (full 1):
 PSYoungGen      total 120320K, used 11245K [0x00000000e0000000, 0x00000000eb080000, 0x0000000100000000)
  eden space 109056K, 0% used [0x00000000e0000000,0x00000000e0000000,0x00000000e6a80000)
  from space 11264K, 99% used [0x00000000e6a80000,0x00000000e757b5f8,0x00000000e7580000)
  to   space 13312K, 0% used [0x00000000ea380000,0x00000000ea380000,0x00000000eb080000)
 ParOldGen       total 57344K, used 10006K [0x00000000a0000000, 0x00000000a3800000, 0x00000000e0000000)
  object space 57344K, 17% used [0x00000000a0000000,0x00000000a09c5a10,0x00000000a3800000)
 Metaspace       used 34634K, capacity 35360K, committed 35456K, reserved 1079296K
  class space    used 4766K, capacity 4987K, committed 4992K, reserved 1048576K
}
Event: 9.460 GC heap before
{Heap before GC invocations=11 (full 2):
 PSYoungGen      total 120320K, used 11245K [0x00000000e0000000, 0x00000000eb080000, 0x0000000100000000)
  eden space 109056K, 0% used [0x00000000e0000000,0x00000000e0000000,0x00000000e6a80000)
  from space 11264K, 99% used [0x00000000e6a80000,0x00000000e757b5f8,0x00000000e7580000)
  to   space 13312K, 0% used [0x00000000ea380000,0x00000000ea380000,0x00000000eb080000)
 ParOldGen       total 57344K, used 10006K [0x00000000a0000000, 0x00000000a3800000, 0x00000000e0000000)
  object space 57344K, 17% used [0x00000000a0000000,0x00000000a09c5a10,0x00000000a3800000)
 Metaspace       used 34634K, capacity 35360K, committed 35456K, reserved 1079296K
  class space    used 4766K, capacity 4987K, committed 4992K, reserved 1048576K
Event: 9.517 GC heap after
Heap after GC invocations=11 (full 2):
 PSYoungGen      total 120320K, used 0K [0x00000000e0000000, 0x00000000eb080000, 0x0000000100000000)
  eden space 109056K, 0% used [0x00000000e0000000,0x00000000e0000000,0x00000000e6a80000)
  from space 11264K, 0% used [0x00000000e6a80000,0x00000000e6a80000,0x00000000e7580000)
  to   space 13312K, 0% used [0x00000000ea380000,0x00000000ea380000,0x00000000eb080000)
 ParOldGen       total 90112K, used 19410K [0x00000000a0000000, 0x00000000a5800000, 0x00000000e0000000)
  object space 90112K, 21% used [0x00000000a0000000,0x00000000a12f4960,0x00000000a5800000)
 Metaspace       used 34614K, capacity 35294K, committed 35456K, reserved 1079296K
  class space    used 4760K, capacity 4976K, committed 4992K, reserved 1048576K
}

