# JRE version: OpenJDK Runtime Environment (8.0_242-b01) (build 1.8.0_242-release-1644-b01)
# Java VM: OpenJDK 64-Bit Server VM (25.242-b01 mixed mode windows-amd64 compressed oops)
Heap:
 PSYoungGen      total 101888K, used 88448K [0x00000000e0000000, 0x00000000e7580000, 0x0000000100000000)
  eden space 91648K, 85% used [0x00000000e0000000,0x00000000e4c67ca8,0x00000000e5980000)
  from space 10240K, 99% used [0x00000000e6b80000,0x00000000e75786f8,0x00000000e7580000)
  to   space 12288K, 0% used [0x00000000e5d80000,0x00000000e5d80000,0x00000000e6980000)
 ParOldGen       total 94720K, used 19412K [0x00000000a0000000, 0x00000000a5c80000, 0x00000000e0000000)
  object space 94720K, 20% used [0x00000000a0000000,0x00000000a12f5360,0x00000000a5c80000)
 Metaspace       used 47316K, capacity 48460K, committed 48768K, reserved 1091584K
  class space    used 6356K, capacity 6677K, committed 6784K, reserved 1048576K
GC Heap History (10 events):
Event: 5.205 GC heap before
{Heap before GC invocations=10 (full 1):
 PSYoungGen      total 62976K, used 58421K [0x00000000e0000000, 0x00000000e4780000, 0x0000000100000000)
  eden space 52736K, 100% used [0x00000000e0000000,0x00000000e3380000,0x00000000e3380000)
  from space 10240K, 55% used [0x00000000e3d80000,0x00000000e430d4b0,0x00000000e4780000)
  to   space 10240K, 0% used [0x00000000e3380000,0x00000000e3380000,0x00000000e3d80000)
 ParOldGen       total 59904K, used 9929K [0x00000000a0000000, 0x00000000a3a80000, 0x00000000e0000000)
  object space 59904K, 16% used [0x00000000a0000000,0x00000000a09b25f0,0x00000000a3a80000)
 Metaspace       used 31415K, capacity 31982K, committed 32512K, reserved 1077248K
  class space    used 4307K, capacity 4486K, committed 4608K, reserved 1048576K
Event: 5.217 GC heap after
Heap after GC invocations=10 (full 1):
 PSYoungGen      total 62976K, used 7837K [0x00000000e0000000, 0x00000000e5c00000, 0x0000000100000000)
  eden space 52736K, 0% used [0x00000000e0000000,0x00000000e0000000,0x00000000e3380000)
  from space 10240K, 76% used [0x00000000e3380000,0x00000000e3b274e8,0x00000000e3d80000)
  to   space 10240K, 0% used [0x00000000e5200000,0x00000000e5200000,0x00000000e5c00000)
 ParOldGen       total 59904K, used 9937K [0x00000000a0000000, 0x00000000a3a80000, 0x00000000e0000000)
  object space 59904K, 16% used [0x00000000a0000000,0x00000000a09b45f0,0x00000000a3a80000)
 Metaspace       used 31415K, capacity 31982K, committed 32512K, reserved 1077248K
  class space    used 4307K, capacity 4486K, committed 4608K, reserved 1048576K
}
Event: 6.534 GC heap before
{Heap before GC invocations=11 (full 1):
 PSYoungGen      total 62976K, used 60573K [0x00000000e0000000, 0x00000000e5c00000, 0x0000000100000000)
  eden space 52736K, 100% used [0x00000000e0000000,0x00000000e3380000,0x00000000e3380000)
  from space 10240K, 76% used [0x00000000e3380000,0x00000000e3b274e8,0x00000000e3d80000)
  to   space 10240K, 0% used [0x00000000e5200000,0x00000000e5200000,0x00000000e5c00000)
 ParOldGen       total 59904K, used 9937K [0x00000000a0000000, 0x00000000a3a80000, 0x00000000e0000000)
  object space 59904K, 16% used [0x00000000a0000000,0x00000000a09b45f0,0x00000000a3a80000)
 Metaspace       used 34031K, capacity 34720K, committed 35200K, reserved 1079296K
  class space    used 4668K, capacity 4869K, committed 4992K, reserved 1048576K
Event: 6.543 GC heap after
Heap after GC invocations=11 (full 1):
 PSYoungGen      total 81920K, used 6600K [0x00000000e0000000, 0x00000000e5b00000, 0x0000000100000000)
  eden space 72704K, 0% used [0x00000000e0000000,0x00000000e0000000,0x00000000e4700000)
  from space 9216K, 71% used [0x00000000e5200000,0x00000000e5872218,0x00000000e5b00000)
  to   space 10240K, 0% used [0x00000000e4700000,0x00000000e4700000,0x00000000e5100000)
 ParOldGen       total 59904K, used 13133K [0x00000000a0000000, 0x00000000a3a80000, 0x00000000e0000000)
  object space 59904K, 21% used [0x00000000a0000000,0x00000000a0cd3610,0x00000000a3a80000)
 Metaspace       used 34031K, capacity 34720K, committed 35200K, reserved 1079296K
  class space    used 4668K, capacity 4869K, committed 4992K, reserved 1048576K
}
Event: 7.251 GC heap before
{Heap before GC invocations=12 (full 1):
 PSYoungGen      total 81920K, used 27062K [0x00000000e0000000, 0x00000000e5b00000, 0x0000000100000000)
  eden space 72704K, 28% used [0x00000000e0000000,0x00000000e13fb6f8,0x00000000e4700000)
  from space 9216K, 71% used [0x00000000e5200000,0x00000000e5872218,0x00000000e5b00000)
  to   space 10240K, 0% used [0x00000000e4700000,0x00000000e4700000,0x00000000e5100000)
 ParOldGen       total 59904K, used 13133K [0x00000000a0000000, 0x00000000a3a80000, 0x00000000e0000000)
  object space 59904K, 21% used [0x00000000a0000000,0x00000000a0cd3610,0x00000000a3a80000)
 Metaspace       used 34513K, capacity 35294K, committed 35456K, reserved 1079296K
  class space    used 4739K, capacity 4974K, committed 4992K, reserved 1048576K
Event: 7.257 GC heap after
Heap after GC invocations=12 (full 1):
 PSYoungGen      total 82944K, used 2963K [0x00000000e0000000, 0x00000000e7580000, 0x0000000100000000)
  eden space 72704K, 0% used [0x00000000e0000000,0x00000000e0000000,0x00000000e4700000)
  from space 10240K, 28% used [0x00000000e4700000,0x00000000e49e4df0,0x00000000e5100000)
  to   space 10240K, 0% used [0x00000000e6b80000,0x00000000e6b80000,0x00000000e7580000)
 ParOldGen       total 59904K, used 17145K [0x00000000a0000000, 0x00000000a3a80000, 0x00000000e0000000)
  object space 59904K, 28% used [0x00000000a0000000,0x00000000a10be5e0,0x00000000a3a80000)
 Metaspace       used 34513K, capacity 35294K, committed 35456K, reserved 1079296K
  class space    used 4739K, capacity 4974K, committed 4992K, reserved 1048576K
}
Event: 7.257 GC heap before
{Heap before GC invocations=13 (full 2):
 PSYoungGen      total 82944K, used 2963K [0x00000000e0000000, 0x00000000e7580000, 0x0000000100000000)
  eden space 72704K, 0% used [0x00000000e0000000,0x00000000e0000000,0x00000000e4700000)
  from space 10240K, 28% used [0x00000000e4700000,0x00000000e49e4df0,0x00000000e5100000)
  to   space 10240K, 0% used [0x00000000e6b80000,0x00000000e6b80000,0x00000000e7580000)
 ParOldGen       total 59904K, used 17145K [0x00000000a0000000, 0x00000000a3a80000, 0x00000000e0000000)
  object space 59904K, 28% used [0x00000000a0000000,0x00000000a10be5e0,0x00000000a3a80000)
 Metaspace       used 34513K, capacity 35294K, committed 35456K, reserved 1079296K
  class space    used 4739K, capacity 4974K, committed 4992K, reserved 1048576K
Event: 7.344 GC heap after
Heap after GC invocations=13 (full 2):
 PSYoungGen      total 82944K, used 0K [0x00000000e0000000, 0x00000000e7580000, 0x0000000100000000)
  eden space 72704K, 0% used [0x00000000e0000000,0x00000000e0000000,0x00000000e4700000)
  from space 10240K, 0% used [0x00000000e4700000,0x00000000e4700000,0x00000000e5100000)
  to   space 10240K, 0% used [0x00000000e6b80000,0x00000000e6b80000,0x00000000e7580000)
 ParOldGen       total 94720K, used 17104K [0x00000000a0000000, 0x00000000a5c80000, 0x00000000e0000000)
  object space 94720K, 18% used [0x00000000a0000000,0x00000000a10b4268,0x00000000a5c80000)
 Metaspace       used 34507K, capacity 35276K, committed 35456K, reserved 1079296K
  class space    used 4737K, capacity 4971K, committed 4992K, reserved 1048576K
}
Event: 8.287 GC heap before
{Heap before GC invocations=14 (full 2):
 PSYoungGen      total 82944K, used 72704K [0x00000000e0000000, 0x00000000e7580000, 0x0000000100000000)
  eden space 72704K, 100% used [0x00000000e0000000,0x00000000e4700000,0x00000000e4700000)
  from space 10240K, 0% used [0x00000000e4700000,0x00000000e4700000,0x00000000e5100000)
  to   space 10240K, 0% used [0x00000000e6b80000,0x00000000e6b80000,0x00000000e7580000)
 ParOldGen       total 94720K, used 17104K [0x00000000a0000000, 0x00000000a5c80000, 0x00000000e0000000)
  object space 94720K, 18% used [0x00000000a0000000,0x00000000a10b4268,0x00000000a5c80000)
 Metaspace       used 42509K, capacity 43510K, committed 43776K, reserved 1087488K
  class space    used 5739K, capacity 6019K, committed 6144K, reserved 1048576K
Event: 8.301 GC heap after
Heap after GC invocations=14 (full 2):
 PSYoungGen      total 101888K, used 10209K [0x00000000e0000000, 0x00000000e7580000, 0x0000000100000000)
  eden space 91648K, 0% used [0x00000000e0000000,0x00000000e0000000,0x00000000e5980000)
  from space 10240K, 99% used [0x00000000e6b80000,0x00000000e75786f8,0x00000000e7580000)
  to   space 12288K, 0% used [0x00000000e5d80000,0x00000000e5d80000,0x00000000e6980000)
 ParOldGen       total 94720K, used 19412K [0x00000000a0000000, 0x00000000a5c80000, 0x00000000e0000000)
  object space 94720K, 20% used [0x00000000a0000000,0x00000000a12f5360,0x00000000a5c80000)
 Metaspace       used 42509K, capacity 43510K, committed 43776K, reserved 1087488K
  class space    used 5739K, capacity 6019K, committed 6144K, reserved 1048576K
}

